Starting a Gradle Daemon (subsequent builds will be faster)
adding as trusted cert:
  Subject: CN=Equifax Secure Global eBusiness CA-1, O=Equifax Secure Inc., C=US
  Issuer:  CN=Equifax Secure Global eBusiness CA-1, O=Equifax Secure Inc., C=US
  Algorithm: RSA; Serial number: 0xc3517
  Valid from Mon Jun 21 06:00:00 CEST 1999 until Mon Jun 22 06:00:00 CEST 2020

adding as trusted cert:
  Subject: CN=Entrust Root Certification Authority - EC1, OU="(c) 2012 Entrust, Inc. - for authorized use only", OU=See www.entrust.net/legal-terms, O="Entrust, Inc.", C=US
  Issuer:  CN=Entrust Root Certification Authority - EC1, OU="(c) 2012 Entrust, Inc. - for authorized use only", OU=See www.entrust.net/legal-terms, O="Entrust, Inc.", C=US
  Algorithm: EC; Serial number: 0xa68b79290000000050d091f9
  Valid from Tue Dec 18 16:25:36 CET 2012 until Fri Dec 18 16:55:36 CET 2037

adding as trusted cert:
  Subject: CN=SecureTrust CA, O=SecureTrust Corporation, C=US
  Issuer:  CN=SecureTrust CA, O=SecureTrust Corporation, C=US
  Algorithm: RSA; Serial number: 0xcf08e5c0816a5ad427ff0eb271859d0
  Valid from Tue Nov 07 20:31:18 CET 2006 until Mon Dec 31 20:40:55 CET 2029

adding as trusted cert:
  Subject: OU=Security Communication RootCA1, O=SECOM Trust.net, C=JP
  Issuer:  OU=Security Communication RootCA1, O=SECOM Trust.net, C=JP
  Algorithm: RSA; Serial number: 0x0
  Valid from Tue Sep 30 06:20:49 CEST 2003 until Sat Sep 30 06:20:49 CEST 2023

adding as trusted cert:
  Subject: CN=DigiCert Global Root CA, OU=www.digicert.com, O=DigiCert Inc, C=US
  Issuer:  CN=DigiCert Global Root CA, OU=www.digicert.com, O=DigiCert Inc, C=US
  Algorithm: RSA; Serial number: 0x83be056904246b1a1756ac95991c74a
  Valid from Fri Nov 10 01:00:00 CET 2006 until Mon Nov 10 01:00:00 CET 2031

adding as trusted cert:
  Subject: CN=QuoVadis Root CA 2 G3, O=QuoVadis Limited, C=BM
  Issuer:  CN=QuoVadis Root CA 2 G3, O=QuoVadis Limited, C=BM
  Algorithm: RSA; Serial number: 0x445734245b81899b35f2ceb82b3b5ba726f07528
  Valid from Thu Jan 12 19:59:32 CET 2012 until Sun Jan 12 19:59:32 CET 2042

adding as trusted cert:
  Subject: CN=DigiCert Trusted Root G4, OU=www.digicert.com, O=DigiCert Inc, C=US
  Issuer:  CN=DigiCert Trusted Root G4, OU=www.digicert.com, O=DigiCert Inc, C=US
  Algorithm: RSA; Serial number: 0x59b1b579e8e2132e23907bda777755c
  Valid from Thu Aug 01 14:00:00 CEST 2013 until Fri Jan 15 13:00:00 CET 2038

adding as trusted cert:
  Subject: CN=GeoTrust Primary Certification Authority, O=GeoTrust Inc., C=US
  Issuer:  CN=GeoTrust Primary Certification Authority, O=GeoTrust Inc., C=US
  Algorithm: RSA; Serial number: 0x18acb56afd69b6153a636cafdafac4a1
  Valid from Mon Nov 27 01:00:00 CET 2006 until Thu Jul 17 01:59:59 CEST 2036

adding as trusted cert:
  Subject: OU=Security Communication RootCA2, O="SECOM Trust Systems CO.,LTD.", C=JP
  Issuer:  OU=Security Communication RootCA2, O="SECOM Trust Systems CO.,LTD.", C=JP
  Algorithm: RSA; Serial number: 0x0
  Valid from Fri May 29 07:00:39 CEST 2009 until Tue May 29 07:00:39 CEST 2029

adding as trusted cert:
  Subject: OU=VeriSign Trust Network, OU="(c) 1998 VeriSign, Inc. - For authorized use only", OU=Class 3 Public Primary Certification Authority - G2, O="VeriSign, Inc.", C=US
  Issuer:  OU=VeriSign Trust Network, OU="(c) 1998 VeriSign, Inc. - For authorized use only", OU=Class 3 Public Primary Certification Authority - G2, O="VeriSign, Inc.", C=US
  Algorithm: RSA; Serial number: 0x7dd9fe07cfa81eb7107967fba78934c6
  Valid from Mon May 18 02:00:00 CEST 1998 until Wed Aug 02 01:59:59 CEST 2028

adding as trusted cert:
  Subject: OU=ePKI Root Certification Authority, O="Chunghwa Telecom Co., Ltd.", C=TW
  Issuer:  OU=ePKI Root Certification Authority, O="Chunghwa Telecom Co., Ltd.", C=TW
  Algorithm: RSA; Serial number: 0x15c8bd65475cafb897005ee406d2bc9d
  Valid from Mon Dec 20 03:31:27 CET 2004 until Wed Dec 20 03:31:27 CET 2034

adding as trusted cert:
  Subject: CN=AffirmTrust Commercial, O=AffirmTrust, C=US
  Issuer:  CN=AffirmTrust Commercial, O=AffirmTrust, C=US
  Algorithm: RSA; Serial number: 0x7777062726a9b17c
  Valid from Fri Jan 29 15:06:06 CET 2010 until Tue Dec 31 15:06:06 CET 2030

adding as trusted cert:
  Subject: CN=Certum Trusted Network CA, OU=Certum Certification Authority, O=Unizeto Technologies S.A., C=PL
  Issuer:  CN=Certum Trusted Network CA, OU=Certum Certification Authority, O=Unizeto Technologies S.A., C=PL
  Algorithm: RSA; Serial number: 0x444c0
  Valid from Wed Oct 22 14:07:37 CEST 2008 until Mon Dec 31 13:07:37 CET 2029

adding as trusted cert:
  Subject: CN=XRamp Global Certification Authority, O=XRamp Security Services Inc, OU=www.xrampsecurity.com, C=US
  Issuer:  CN=XRamp Global Certification Authority, O=XRamp Security Services Inc, OU=www.xrampsecurity.com, C=US
  Algorithm: RSA; Serial number: 0x50946cec18ead59c4dd597ef758fa0ad
  Valid from Mon Nov 01 18:14:04 CET 2004 until Mon Jan 01 06:37:19 CET 2035

adding as trusted cert:
  Subject: CN=Sonera Class2 CA, O=Sonera, C=FI
  Issuer:  CN=Sonera Class2 CA, O=Sonera, C=FI
  Algorithm: RSA; Serial number: 0x1d
  Valid from Fri Apr 06 09:29:40 CEST 2001 until Tue Apr 06 09:29:40 CEST 2021

adding as trusted cert:
  Subject: CN=America Online Root Certification Authority 1, O=America Online Inc., C=US
  Issuer:  CN=America Online Root Certification Authority 1, O=America Online Inc., C=US
  Algorithm: RSA; Serial number: 0x1
  Valid from Tue May 28 08:00:00 CEST 2002 until Thu Nov 19 21:43:00 CET 2037

adding as trusted cert:
  Subject: CN=GeoTrust Primary Certification Authority - G2, OU=(c) 2007 GeoTrust Inc. - For authorized use only, O=GeoTrust Inc., C=US
  Issuer:  CN=GeoTrust Primary Certification Authority - G2, OU=(c) 2007 GeoTrust Inc. - For authorized use only, O=GeoTrust Inc., C=US
  Algorithm: EC; Serial number: 0x3cb2f4480a00e2feeb243b5e603ec36b
  Valid from Mon Nov 05 01:00:00 CET 2007 until Tue Jan 19 00:59:59 CET 2038

adding as trusted cert:
  Subject: OU=Equifax Secure Certificate Authority, O=Equifax, C=US
  Issuer:  OU=Equifax Secure Certificate Authority, O=Equifax, C=US
  Algorithm: RSA; Serial number: 0x35def4cf
  Valid from Sat Aug 22 18:41:51 CEST 1998 until Wed Aug 22 18:41:51 CEST 2018

adding as trusted cert:
  Subject: CN=COMODO ECC Certification Authority, O=COMODO CA Limited, L=Salford, ST=Greater Manchester, C=GB
  Issuer:  CN=COMODO ECC Certification Authority, O=COMODO CA Limited, L=Salford, ST=Greater Manchester, C=GB
  Algorithm: EC; Serial number: 0x1f47afaa62007050544c019e9b63992a
  Valid from Thu Mar 06 01:00:00 CET 2008 until Tue Jan 19 00:59:59 CET 2038

adding as trusted cert:
  Subject: CN=ISRG Root X1, O=Internet Security Research Group, C=US
  Issuer:  CN=ISRG Root X1, O=Internet Security Research Group, C=US
  Algorithm: RSA; Serial number: 0x8210cfb0d240e3594463e0bb63828b00
  Valid from Thu Jun 04 13:04:38 CEST 2015 until Mon Jun 04 13:04:38 CEST 2035

adding as trusted cert:
  Subject: CN=DigiCert High Assurance EV Root CA, OU=www.digicert.com, O=DigiCert Inc, C=US
  Issuer:  CN=DigiCert High Assurance EV Root CA, OU=www.digicert.com, O=DigiCert Inc, C=US
  Algorithm: RSA; Serial number: 0x2ac5c266a0b409b8f0b79f2ae462577
  Valid from Fri Nov 10 01:00:00 CET 2006 until Mon Nov 10 01:00:00 CET 2031

adding as trusted cert:
  Subject: CN=GeoTrust Universal CA, O=GeoTrust Inc., C=US
  Issuer:  CN=GeoTrust Universal CA, O=GeoTrust Inc., C=US
  Algorithm: RSA; Serial number: 0x1
  Valid from Thu Mar 04 06:00:00 CET 2004 until Sun Mar 04 06:00:00 CET 2029

adding as trusted cert:
  Subject: CN=GlobalSign, O=GlobalSign, OU=GlobalSign Root CA - R3
  Issuer:  CN=GlobalSign, O=GlobalSign, OU=GlobalSign Root CA - R3
  Algorithm: RSA; Serial number: 0x4000000000121585308a2
  Valid from Wed Mar 18 11:00:00 CET 2009 until Sun Mar 18 11:00:00 CET 2029

adding as trusted cert:
  Subject: CN=Baltimore CyberTrust Root, OU=CyberTrust, O=Baltimore, C=IE
  Issuer:  CN=Baltimore CyberTrust Root, OU=CyberTrust, O=Baltimore, C=IE
  Algorithm: RSA; Serial number: 0x20000b9
  Valid from Fri May 12 20:46:00 CEST 2000 until Tue May 13 01:59:00 CEST 2025

adding as trusted cert:
  Subject: CN=Thawte Timestamping CA, OU=Thawte Certification, O=Thawte, L=Durbanville, ST=Western Cape, C=ZA
  Issuer:  CN=Thawte Timestamping CA, OU=Thawte Certification, O=Thawte, L=Durbanville, ST=Western Cape, C=ZA
  Algorithm: RSA; Serial number: 0x67c8e1e8e3be1cbdfc913b8ea6238749
  Valid from Wed Jan 01 01:00:00 CET 1997 until Sat Jan 02 00:59:59 CET 2021

adding as trusted cert:
  Subject: CN=AAA Certificate Services, O=Comodo CA Limited, L=Salford, ST=Greater Manchester, C=GB
  Issuer:  CN=AAA Certificate Services, O=Comodo CA Limited, L=Salford, ST=Greater Manchester, C=GB
  Algorithm: RSA; Serial number: 0x1
  Valid from Thu Jan 01 01:00:00 CET 2004 until Mon Jan 01 00:59:59 CET 2029

adding as trusted cert:
  Subject: OU=Starfield Class 2 Certification Authority, O="Starfield Technologies, Inc.", C=US
  Issuer:  OU=Starfield Class 2 Certification Authority, O="Starfield Technologies, Inc.", C=US
  Algorithm: RSA; Serial number: 0x0
  Valid from Tue Jun 29 19:39:16 CEST 2004 until Thu Jun 29 19:39:16 CEST 2034

adding as trusted cert:
  Subject: CN=Chambers of Commerce Root, OU=http://www.chambersign.org, O=AC Camerfirma SA CIF A82743287, C=EU
  Issuer:  CN=Chambers of Commerce Root, OU=http://www.chambersign.org, O=AC Camerfirma SA CIF A82743287, C=EU
  Algorithm: RSA; Serial number: 0x0
  Valid from Tue Sep 30 18:13:43 CEST 2003 until Wed Sep 30 18:13:44 CEST 2037

adding as trusted cert:
  Subject: CN=UTN-USERFirst-Hardware, OU=http://www.usertrust.com, O=The USERTRUST Network, L=Salt Lake City, ST=UT, C=US
  Issuer:  CN=UTN-USERFirst-Hardware, OU=http://www.usertrust.com, O=The USERTRUST Network, L=Salt Lake City, ST=UT, C=US
  Algorithm: RSA; Serial number: 0x44be0c8b500024b411d3362afe650afd
  Valid from Fri Jul 09 20:10:42 CEST 1999 until Tue Jul 09 20:19:22 CEST 2019

adding as trusted cert:
  Subject: CN=VeriSign Class 3 Public Primary Certification Authority - G3, OU="(c) 1999 VeriSign, Inc. - For authorized use only", OU=VeriSign Trust Network, O="VeriSign, Inc.", C=US
  Issuer:  CN=VeriSign Class 3 Public Primary Certification Authority - G3, OU="(c) 1999 VeriSign, Inc. - For authorized use only", OU=VeriSign Trust Network, O="VeriSign, Inc.", C=US
  Algorithm: RSA; Serial number: 0x9b7e0649a33e62b9d5ee90487129ef57
  Valid from Fri Oct 01 02:00:00 CEST 1999 until Thu Jul 17 01:59:59 CEST 2036

adding as trusted cert:
  Subject: CN=GlobalSign Root CA, OU=Root CA, O=GlobalSign nv-sa, C=BE
  Issuer:  CN=GlobalSign Root CA, OU=Root CA, O=GlobalSign nv-sa, C=BE
  Algorithm: RSA; Serial number: 0x40000000001154b5ac394
  Valid from Tue Sep 01 14:00:00 CEST 1998 until Fri Jan 28 13:00:00 CET 2028

adding as trusted cert:
  Subject: CN=UTN-USERFirst-Object, OU=http://www.usertrust.com, O=The USERTRUST Network, L=Salt Lake City, ST=UT, C=US
  Issuer:  CN=UTN-USERFirst-Object, OU=http://www.usertrust.com, O=The USERTRUST Network, L=Salt Lake City, ST=UT, C=US
  Algorithm: RSA; Serial number: 0x44be0c8b500024b411d3362de0b35f1b
  Valid from Fri Jul 09 20:31:20 CEST 1999 until Tue Jul 09 20:40:36 CEST 2019

adding as trusted cert:
  Subject: CN=AffirmTrust Networking, O=AffirmTrust, C=US
  Issuer:  CN=AffirmTrust Networking, O=AffirmTrust, C=US
  Algorithm: RSA; Serial number: 0x7c4f04391cd4992d
  Valid from Fri Jan 29 15:08:24 CET 2010 until Tue Dec 31 15:08:24 CET 2030

adding as trusted cert:
  Subject: CN=ITACyL CA RAIZ
  Issuer:  CN=ITACyL CA RAIZ
  Algorithm: RSA; Serial number: 0x7ac958481e6ea5824a2421261330c4d7
  Valid from Tue Apr 02 22:56:58 CEST 2019 until Sat Apr 02 23:06:56 CEST 2039

adding as trusted cert:
  Subject: CN=AffirmTrust Premium, O=AffirmTrust, C=US
  Issuer:  CN=AffirmTrust Premium, O=AffirmTrust, C=US
  Algorithm: RSA; Serial number: 0x6d8c1446b1a60aee
  Valid from Fri Jan 29 15:10:36 CET 2010 until Mon Dec 31 15:10:36 CET 2040

adding as trusted cert:
  Subject: CN=Baltimore CyberTrust Code Signing Root, OU=CyberTrust, O=Baltimore, C=IE
  Issuer:  CN=Baltimore CyberTrust Code Signing Root, OU=CyberTrust, O=Baltimore, C=IE
  Algorithm: RSA; Serial number: 0x20000bf
  Valid from Wed May 17 16:01:00 CEST 2000 until Sun May 18 01:59:00 CEST 2025

adding as trusted cert:
  Subject: CN=America Online Root Certification Authority 2, O=America Online Inc., C=US
  Issuer:  CN=America Online Root Certification Authority 2, O=America Online Inc., C=US
  Algorithm: RSA; Serial number: 0x1
  Valid from Tue May 28 08:00:00 CEST 2002 until Tue Sep 29 16:08:00 CEST 2037

adding as trusted cert:
  Subject: CN=LuxTrust Global Root, O=LuxTrust s.a., C=LU
  Issuer:  CN=LuxTrust Global Root, O=LuxTrust s.a., C=LU
  Algorithm: RSA; Serial number: 0xbb8
  Valid from Thu Mar 17 10:51:37 CET 2011 until Wed Mar 17 10:51:37 CET 2021

adding as trusted cert:
  Subject: CN=GeoTrust Primary Certification Authority - G3, OU=(c) 2008 GeoTrust Inc. - For authorized use only, O=GeoTrust Inc., C=US
  Issuer:  CN=GeoTrust Primary Certification Authority - G3, OU=(c) 2008 GeoTrust Inc. - For authorized use only, O=GeoTrust Inc., C=US
  Algorithm: RSA; Serial number: 0x15ac6e9419b2794b41f627a9c3180f1f
  Valid from Wed Apr 02 02:00:00 CEST 2008 until Wed Dec 02 00:59:59 CET 2037

adding as trusted cert:
  Subject: CN=Chambers of Commerce Root - 2008, O=AC Camerfirma S.A., SERIALNUMBER=A82743287, L=Madrid (see current address at www.camerfirma.com/address), C=EU
  Issuer:  CN=Chambers of Commerce Root - 2008, O=AC Camerfirma S.A., SERIALNUMBER=A82743287, L=Madrid (see current address at www.camerfirma.com/address), C=EU
  Algorithm: RSA; Serial number: 0xa3da427ea4b1aeda
  Valid from Fri Aug 01 14:29:50 CEST 2008 until Sat Jul 31 14:29:50 CEST 2038

adding as trusted cert:
  Subject: CN=SwissSign Silver CA - G2, O=SwissSign AG, C=CH
  Issuer:  CN=SwissSign Silver CA - G2, O=SwissSign AG, C=CH
  Algorithm: RSA; Serial number: 0x4f1bd42f54bb2f4b
  Valid from Wed Oct 25 10:32:46 CEST 2006 until Sat Oct 25 10:32:46 CEST 2036

adding as trusted cert:
  Subject: CN=Entrust Root Certification Authority - G2, OU="(c) 2009 Entrust, Inc. - for authorized use only", OU=See www.entrust.net/legal-terms, O="Entrust, Inc.", C=US
  Issuer:  CN=Entrust Root Certification Authority - G2, OU="(c) 2009 Entrust, Inc. - for authorized use only", OU=See www.entrust.net/legal-terms, O="Entrust, Inc.", C=US
  Algorithm: RSA; Serial number: 0x4a538c28
  Valid from Tue Jul 07 19:25:54 CEST 2009 until Sat Dec 07 18:55:54 CET 2030

adding as trusted cert:
  Subject: CN=DigiCert Assured ID Root CA, OU=www.digicert.com, O=DigiCert Inc, C=US
  Issuer:  CN=DigiCert Assured ID Root CA, OU=www.digicert.com, O=DigiCert Inc, C=US
  Algorithm: RSA; Serial number: 0xce7e0e517d846fe8fe560fc1bf03039
  Valid from Fri Nov 10 01:00:00 CET 2006 until Mon Nov 10 01:00:00 CET 2031

adding as trusted cert:
  Subject: OU=Go Daddy Class 2 Certification Authority, O="The Go Daddy Group, Inc.", C=US
  Issuer:  OU=Go Daddy Class 2 Certification Authority, O="The Go Daddy Group, Inc.", C=US
  Algorithm: RSA; Serial number: 0x0
  Valid from Tue Jun 29 19:06:20 CEST 2004 until Thu Jun 29 19:06:20 CEST 2034

adding as trusted cert:
  Subject: CN=AddTrust External CA Root, OU=AddTrust External TTP Network, O=AddTrust AB, C=SE
  Issuer:  CN=AddTrust External CA Root, OU=AddTrust External TTP Network, O=AddTrust AB, C=SE
  Algorithm: RSA; Serial number: 0x1
  Valid from Tue May 30 12:48:38 CEST 2000 until Sat May 30 12:48:38 CEST 2020

adding as trusted cert:
  Subject: CN=T-TeleSec GlobalRoot Class 3, OU=T-Systems Trust Center, O=T-Systems Enterprise Services GmbH, C=DE
  Issuer:  CN=T-TeleSec GlobalRoot Class 3, OU=T-Systems Trust Center, O=T-Systems Enterprise Services GmbH, C=DE
  Algorithm: RSA; Serial number: 0x1
  Valid from Wed Oct 01 12:29:56 CEST 2008 until Sun Oct 02 01:59:59 CEST 2033

adding as trusted cert:
  Subject: CN=DigiCert Global Root G3, OU=www.digicert.com, O=DigiCert Inc, C=US
  Issuer:  CN=DigiCert Global Root G3, OU=www.digicert.com, O=DigiCert Inc, C=US
  Algorithm: EC; Serial number: 0x55556bcf25ea43535c3a40fd5ab4572
  Valid from Thu Aug 01 14:00:00 CEST 2013 until Fri Jan 15 13:00:00 CET 2038

adding as trusted cert:
  Subject: CN=UTN-USERFirst-Client Authentication and Email, OU=http://www.usertrust.com, O=The USERTRUST Network, L=Salt Lake City, ST=UT, C=US
  Issuer:  CN=UTN-USERFirst-Client Authentication and Email, OU=http://www.usertrust.com, O=The USERTRUST Network, L=Salt Lake City, ST=UT, C=US
  Algorithm: RSA; Serial number: 0x44be0c8b500024b411d336252567c989
  Valid from Fri Jul 09 19:28:50 CEST 1999 until Tue Jul 09 19:36:58 CEST 2019

adding as trusted cert:
  Subject: CN=Class 2 Primary CA, O=Certplus, C=FR
  Issuer:  CN=Class 2 Primary CA, O=Certplus, C=FR
  Algorithm: RSA; Serial number: 0x85bd4bf3d8dae369f694d75fc3a54423
  Valid from Wed Jul 07 19:05:00 CEST 1999 until Sun Jul 07 01:59:59 CEST 2019

adding as trusted cert:
  Subject: CN=GeoTrust Global CA, O=GeoTrust Inc., C=US
  Issuer:  CN=GeoTrust Global CA, O=GeoTrust Inc., C=US
  Algorithm: RSA; Serial number: 0x23456
  Valid from Tue May 21 06:00:00 CEST 2002 until Sat May 21 06:00:00 CEST 2022

adding as trusted cert:
  Subject: CN=ITACyL-SCA1, DC=itacyl, DC=red
  Issuer:  CN=ITACyL CA RAIZ
  Algorithm: RSA; Serial number: 0x2f000000047262471fe94f8da2000000000004
  Valid from Thu Apr 11 19:10:37 CEST 2019 until Wed Apr 11 19:20:37 CEST 2029

adding as trusted cert:
  Subject: CN=SwissSign Platinum CA - G2, O=SwissSign AG, C=CH
  Issuer:  CN=SwissSign Platinum CA - G2, O=SwissSign AG, C=CH
  Algorithm: RSA; Serial number: 0x4eb200670c035d4f
  Valid from Wed Oct 25 10:36:00 CEST 2006 until Sat Oct 25 10:36:00 CEST 2036

adding as trusted cert:
  Subject: CN=GlobalSign, O=GlobalSign, OU=GlobalSign ECC Root CA - R5
  Issuer:  CN=GlobalSign, O=GlobalSign, OU=GlobalSign ECC Root CA - R5
  Algorithm: EC; Serial number: 0x605949e0262ebb55f90a778a71f94ad86c
  Valid from Tue Nov 13 01:00:00 CET 2012 until Tue Jan 19 04:14:07 CET 2038

adding as trusted cert:
  Subject: CN=VeriSign Class 2 Public Primary Certification Authority - G3, OU="(c) 1999 VeriSign, Inc. - For authorized use only", OU=VeriSign Trust Network, O="VeriSign, Inc.", C=US
  Issuer:  CN=VeriSign Class 2 Public Primary Certification Authority - G3, OU="(c) 1999 VeriSign, Inc. - For authorized use only", OU=VeriSign Trust Network, O="VeriSign, Inc.", C=US
  Algorithm: RSA; Serial number: 0x6170cb498c5f984529e7b0a6d9505b7a
  Valid from Fri Oct 01 02:00:00 CEST 1999 until Thu Jul 17 01:59:59 CEST 2036

adding as trusted cert:
  Subject: CN=Starfield Root Certificate Authority - G2, O="Starfield Technologies, Inc.", L=Scottsdale, ST=Arizona, C=US
  Issuer:  CN=Starfield Root Certificate Authority - G2, O="Starfield Technologies, Inc.", L=Scottsdale, ST=Arizona, C=US
  Algorithm: RSA; Serial number: 0x0
  Valid from Tue Sep 01 02:00:00 CEST 2009 until Fri Jan 01 00:59:59 CET 2038

adding as trusted cert:
  Subject: CN=IdenTrust Public Sector Root CA 1, O=IdenTrust, C=US
  Issuer:  CN=IdenTrust Public Sector Root CA 1, O=IdenTrust, C=US
  Algorithm: RSA; Serial number: 0xa0142800000014523cf467c00000002
  Valid from Thu Jan 16 18:53:32 CET 2014 until Mon Jan 16 18:53:32 CET 2034

adding as trusted cert:
  Subject: CN=Entrust.net Certification Authority (2048), OU=(c) 1999 Entrust.net Limited, OU=www.entrust.net/CPS_2048 incorp. by ref. (limits liab.), O=Entrust.net
  Issuer:  CN=Entrust.net Certification Authority (2048), OU=(c) 1999 Entrust.net Limited, OU=www.entrust.net/CPS_2048 incorp. by ref. (limits liab.), O=Entrust.net
  Algorithm: RSA; Serial number: 0x3863def8
  Valid from Fri Dec 24 18:50:51 CET 1999 until Tue Jul 24 16:15:12 CEST 2029

adding as trusted cert:
  Subject: CN=TeliaSonera Root CA v1, O=TeliaSonera
  Issuer:  CN=TeliaSonera Root CA v1, O=TeliaSonera
  Algorithm: RSA; Serial number: 0x95be16a0f72e46f17b398272fa8bcd96
  Valid from Thu Oct 18 14:00:50 CEST 2007 until Mon Oct 18 14:00:50 CEST 2032

adding as trusted cert:
  Subject: CN=thawte Primary Root CA, OU="(c) 2006 thawte, Inc. - For authorized use only", OU=Certification Services Division, O="thawte, Inc.", C=US
  Issuer:  CN=thawte Primary Root CA, OU="(c) 2006 thawte, Inc. - For authorized use only", OU=Certification Services Division, O="thawte, Inc.", C=US
  Algorithm: RSA; Serial number: 0x344ed55720d5edec49f42fce37db2b6d
  Valid from Fri Nov 17 01:00:00 CET 2006 until Thu Jul 17 01:59:59 CEST 2036

adding as trusted cert:
  Subject: CN=Go Daddy Root Certificate Authority - G2, O="GoDaddy.com, Inc.", L=Scottsdale, ST=Arizona, C=US
  Issuer:  CN=Go Daddy Root Certificate Authority - G2, O="GoDaddy.com, Inc.", L=Scottsdale, ST=Arizona, C=US
  Algorithm: RSA; Serial number: 0x0
  Valid from Tue Sep 01 02:00:00 CEST 2009 until Fri Jan 01 00:59:59 CET 2038

adding as trusted cert:
  Subject: CN=VeriSign Class 1 Public Primary Certification Authority - G3, OU="(c) 1999 VeriSign, Inc. - For authorized use only", OU=VeriSign Trust Network, O="VeriSign, Inc.", C=US
  Issuer:  CN=VeriSign Class 1 Public Primary Certification Authority - G3, OU="(c) 1999 VeriSign, Inc. - For authorized use only", OU=VeriSign Trust Network, O="VeriSign, Inc.", C=US
  Algorithm: RSA; Serial number: 0x8b5b75568454850b00cfaf3848ceb1a4
  Valid from Fri Oct 01 02:00:00 CEST 1999 until Thu Jul 17 01:59:59 CEST 2036

adding as trusted cert:
  Subject: CN=VeriSign Class 3 Public Primary Certification Authority - G4, OU="(c) 2007 VeriSign, Inc. - For authorized use only", OU=VeriSign Trust Network, O="VeriSign, Inc.", C=US
  Issuer:  CN=VeriSign Class 3 Public Primary Certification Authority - G4, OU="(c) 2007 VeriSign, Inc. - For authorized use only", OU=VeriSign Trust Network, O="VeriSign, Inc.", C=US
  Algorithm: EC; Serial number: 0x2f80fe238c0e220f486712289187acb3
  Valid from Mon Nov 05 01:00:00 CET 2007 until Tue Jan 19 00:59:59 CET 2038

adding as trusted cert:
  Subject: CN=Entrust Root Certification Authority, OU="(c) 2006 Entrust, Inc.", OU=www.entrust.net/CPS is incorporated by reference, O="Entrust, Inc.", C=US
  Issuer:  CN=Entrust Root Certification Authority, OU="(c) 2006 Entrust, Inc.", OU=www.entrust.net/CPS is incorporated by reference, O="Entrust, Inc.", C=US
  Algorithm: RSA; Serial number: 0x456b5054
  Valid from Mon Nov 27 21:23:42 CET 2006 until Fri Nov 27 21:53:42 CET 2026

adding as trusted cert:
  Subject: CN=DigiCert Assured ID Root G2, OU=www.digicert.com, O=DigiCert Inc, C=US
  Issuer:  CN=DigiCert Assured ID Root G2, OU=www.digicert.com, O=DigiCert Inc, C=US
  Algorithm: RSA; Serial number: 0xb931c3ad63967ea6723bfc3af9af44b
  Valid from Thu Aug 01 14:00:00 CEST 2013 until Fri Jan 15 13:00:00 CET 2038

adding as trusted cert:
  Subject: CN=Certum CA, O=Unizeto Sp. z o.o., C=PL
  Issuer:  CN=Certum CA, O=Unizeto Sp. z o.o., C=PL
  Algorithm: RSA; Serial number: 0x10020
  Valid from Tue Jun 11 12:46:39 CEST 2002 until Fri Jun 11 12:46:39 CEST 2027

adding as trusted cert:
  Subject: CN=AddTrust Qualified CA Root, OU=AddTrust TTP Network, O=AddTrust AB, C=SE
  Issuer:  CN=AddTrust Qualified CA Root, OU=AddTrust TTP Network, O=AddTrust AB, C=SE
  Algorithm: RSA; Serial number: 0x1
  Valid from Tue May 30 12:44:50 CEST 2000 until Sat May 30 12:44:50 CEST 2020

adding as trusted cert:
  Subject: CN=DST Root CA X3, O=Digital Signature Trust Co.
  Issuer:  CN=DST Root CA X3, O=Digital Signature Trust Co.
  Algorithm: RSA; Serial number: 0x44afb080d6a327ba893039862ef8406b
  Valid from Sat Sep 30 23:12:19 CEST 2000 until Thu Sep 30 16:01:15 CEST 2021

adding as trusted cert:
  Subject: CN=Buypass Class 2 Root CA, O=Buypass AS-983163327, C=NO
  Issuer:  CN=Buypass Class 2 Root CA, O=Buypass AS-983163327, C=NO
  Algorithm: RSA; Serial number: 0x2
  Valid from Tue Oct 26 10:38:03 CEST 2010 until Fri Oct 26 10:38:03 CEST 2040

adding as trusted cert:
  Subject: CN=D-TRUST Root Class 3 CA 2 EV 2009, O=D-Trust GmbH, C=DE
  Issuer:  CN=D-TRUST Root Class 3 CA 2 EV 2009, O=D-Trust GmbH, C=DE
  Algorithm: RSA; Serial number: 0x983f4
  Valid from Thu Nov 05 09:50:46 CET 2009 until Mon Nov 05 09:50:46 CET 2029

adding as trusted cert:
  Subject: CN=DigiCert Assured ID Root G3, OU=www.digicert.com, O=DigiCert Inc, C=US
  Issuer:  CN=DigiCert Assured ID Root G3, OU=www.digicert.com, O=DigiCert Inc, C=US
  Algorithm: EC; Serial number: 0xba15afa1ddfa0b54944afcd24a06cec
  Valid from Thu Aug 01 14:00:00 CEST 2013 until Fri Jan 15 13:00:00 CET 2038

adding as trusted cert:
  Subject: CN=SwissSign Gold CA - G2, O=SwissSign AG, C=CH
  Issuer:  CN=SwissSign Gold CA - G2, O=SwissSign AG, C=CH
  Algorithm: RSA; Serial number: 0xbb401c43f55e4fb0
  Valid from Wed Oct 25 10:30:35 CEST 2006 until Sat Oct 25 10:30:35 CEST 2036

adding as trusted cert:
  Subject: CN=USERTrust ECC Certification Authority, O=The USERTRUST Network, L=Jersey City, ST=New Jersey, C=US
  Issuer:  CN=USERTrust ECC Certification Authority, O=The USERTRUST Network, L=Jersey City, ST=New Jersey, C=US
  Algorithm: EC; Serial number: 0x5c8b99c55a94c5d27156decd8980cc26
  Valid from Mon Feb 01 01:00:00 CET 2010 until Tue Jan 19 00:59:59 CET 2038

adding as trusted cert:
  Subject: CN=IdenTrust Commercial Root CA 1, O=IdenTrust, C=US
  Issuer:  CN=IdenTrust Commercial Root CA 1, O=IdenTrust, C=US
  Algorithm: RSA; Serial number: 0xa0142800000014523c844b500000002
  Valid from Thu Jan 16 19:12:23 CET 2014 until Mon Jan 16 19:12:23 CET 2034

adding as trusted cert:
  Subject: CN=QuoVadis Root CA 2, O=QuoVadis Limited, C=BM
  Issuer:  CN=QuoVadis Root CA 2, O=QuoVadis Limited, C=BM
  Algorithm: RSA; Serial number: 0x509
  Valid from Fri Nov 24 19:27:00 CET 2006 until Mon Nov 24 19:23:33 CET 2031

adding as trusted cert:
  Subject: CN=Deutsche Telekom Root CA 2, OU=T-TeleSec Trust Center, O=Deutsche Telekom AG, C=DE
  Issuer:  CN=Deutsche Telekom Root CA 2, OU=T-TeleSec Trust Center, O=Deutsche Telekom AG, C=DE
  Algorithm: RSA; Serial number: 0x26
  Valid from Fri Jul 09 14:11:00 CEST 1999 until Wed Jul 10 01:59:00 CEST 2019

adding as trusted cert:
  Subject: CN=D-TRUST Root Class 3 CA 2 2009, O=D-Trust GmbH, C=DE
  Issuer:  CN=D-TRUST Root Class 3 CA 2 2009, O=D-Trust GmbH, C=DE
  Algorithm: RSA; Serial number: 0x983f3
  Valid from Thu Nov 05 09:35:58 CET 2009 until Mon Nov 05 09:35:58 CET 2029

adding as trusted cert:
  Subject: CN=QuoVadis Root CA 1 G3, O=QuoVadis Limited, C=BM
  Issuer:  CN=QuoVadis Root CA 1 G3, O=QuoVadis Limited, C=BM
  Algorithm: RSA; Serial number: 0x78585f2ead2c194be3370735341328b596d46593
  Valid from Thu Jan 12 18:27:44 CET 2012 until Sun Jan 12 18:27:44 CET 2042

adding as trusted cert:
  Subject: OU=Class 1 Public Primary Certification Authority, O="VeriSign, Inc.", C=US
  Issuer:  OU=Class 1 Public Primary Certification Authority, O="VeriSign, Inc.", C=US
  Algorithm: RSA; Serial number: 0x3f691e819cf09a4af373ffb948a2e4dd
  Valid from Mon Jan 29 01:00:00 CET 1996 until Thu Aug 03 01:59:59 CEST 2028

adding as trusted cert:
  Subject: CN=USERTrust RSA Certification Authority, O=The USERTRUST Network, L=Jersey City, ST=New Jersey, C=US
  Issuer:  CN=USERTrust RSA Certification Authority, O=The USERTRUST Network, L=Jersey City, ST=New Jersey, C=US
  Algorithm: RSA; Serial number: 0x1fd6d30fca3ca51a81bbc640e35032d
  Valid from Mon Feb 01 01:00:00 CET 2010 until Tue Jan 19 00:59:59 CET 2038

adding as trusted cert:
  Subject: OU=VeriSign Trust Network, OU="(c) 1998 VeriSign, Inc. - For authorized use only", OU=Class 2 Public Primary Certification Authority - G2, O="VeriSign, Inc.", C=US
  Issuer:  OU=VeriSign Trust Network, OU="(c) 1998 VeriSign, Inc. - For authorized use only", OU=Class 2 Public Primary Certification Authority - G2, O="VeriSign, Inc.", C=US
  Algorithm: RSA; Serial number: 0xb92f60cc889fa17a4609b85b706c8aaf
  Valid from Mon May 18 02:00:00 CEST 1998 until Wed Aug 02 01:59:59 CEST 2028

adding as trusted cert:
  Subject: CN=GlobalSign, O=GlobalSign, OU=GlobalSign Root CA - R2
  Issuer:  CN=GlobalSign, O=GlobalSign, OU=GlobalSign Root CA - R2
  Algorithm: RSA; Serial number: 0x400000000010f8626e60d
  Valid from Fri Dec 15 09:00:00 CET 2006 until Wed Dec 15 09:00:00 CET 2021

adding as trusted cert:
  Subject: CN=VeriSign Class 3 Public Primary Certification Authority - G5, OU="(c) 2006 VeriSign, Inc. - For authorized use only", OU=VeriSign Trust Network, O="VeriSign, Inc.", C=US
  Issuer:  CN=VeriSign Class 3 Public Primary Certification Authority - G5, OU="(c) 2006 VeriSign, Inc. - For authorized use only", OU=VeriSign Trust Network, O="VeriSign, Inc.", C=US
  Algorithm: RSA; Serial number: 0x18dad19e267de8bb4a2158cdcc6b3b4a
  Valid from Wed Nov 08 01:00:00 CET 2006 until Thu Jul 17 01:59:59 CEST 2036

adding as trusted cert:
  Subject: CN=QuoVadis Root CA 3, O=QuoVadis Limited, C=BM
  Issuer:  CN=QuoVadis Root CA 3, O=QuoVadis Limited, C=BM
  Algorithm: RSA; Serial number: 0x5c6
  Valid from Fri Nov 24 20:11:23 CET 2006 until Mon Nov 24 20:06:44 CET 2031

adding as trusted cert:
  Subject: CN=Starfield Services Root Certificate Authority - G2, O="Starfield Technologies, Inc.", L=Scottsdale, ST=Arizona, C=US
  Issuer:  CN=Starfield Services Root Certificate Authority - G2, O="Starfield Technologies, Inc.", L=Scottsdale, ST=Arizona, C=US
  Algorithm: RSA; Serial number: 0x0
  Valid from Tue Sep 01 02:00:00 CEST 2009 until Fri Jan 01 00:59:59 CET 2038

adding as trusted cert:
  Subject: CN=Swisscom Root CA 2, OU=Digital Certificate Services, O=Swisscom, C=ch
  Issuer:  CN=Swisscom Root CA 2, OU=Digital Certificate Services, O=Swisscom, C=ch
  Algorithm: RSA; Serial number: 0x1e9e28e848f2e5efc37c4a1e5a1867b6
  Valid from Fri Jun 24 10:38:14 CEST 2011 until Wed Jun 25 09:38:14 CEST 2031

adding as trusted cert:
  Subject: CN=QuoVadis Root CA 3 G3, O=QuoVadis Limited, C=BM
  Issuer:  CN=QuoVadis Root CA 3 G3, O=QuoVadis Limited, C=BM
  Algorithm: RSA; Serial number: 0x2ef59b0228a7db7affd5a3a9eebd03a0cf126a1d
  Valid from Thu Jan 12 21:26:32 CET 2012 until Sun Jan 12 21:26:32 CET 2042

adding as trusted cert:
  Subject: CN=Actalis Authentication Root CA, O=Actalis S.p.A./03358520967, L=Milan, C=IT
  Issuer:  CN=Actalis Authentication Root CA, O=Actalis S.p.A./03358520967, L=Milan, C=IT
  Algorithm: RSA; Serial number: 0x570a119742c4e3cc
  Valid from Thu Sep 22 13:22:02 CEST 2011 until Sun Sep 22 13:22:02 CEST 2030

adding as trusted cert:
  Subject: EMAILADDRESS=pozdomjo@itacyl.es, CN=gw.itacyl.es, OU=Tecnologias de la Informacion, O=Itacyl, L=Valladolid, ST=Castilla y Leon, C=ES
  Issuer:  CN=ITACyL-SCA1, DC=itacyl, DC=red
  Algorithm: RSA; Serial number: 0x2400000035fd51f011a953b77e000000000035
  Valid from Tue Jun 04 22:55:51 CEST 2019 until Sun Jun 02 22:55:51 CEST 2024

adding as trusted cert:
  Subject: OU=Class 3 Public Primary Certification Authority, O="VeriSign, Inc.", C=US
  Issuer:  OU=Class 3 Public Primary Certification Authority, O="VeriSign, Inc.", C=US
  Algorithm: RSA; Serial number: 0x3c9131cb1ff6d01b0e9ab8d044bf12be
  Valid from Mon Jan 29 01:00:00 CET 1996 until Thu Aug 03 01:59:59 CEST 2028

adding as trusted cert:
  Subject: CN=QuoVadis Root Certification Authority, OU=Root Certification Authority, O=QuoVadis Limited, C=BM
  Issuer:  CN=QuoVadis Root Certification Authority, OU=Root Certification Authority, O=QuoVadis Limited, C=BM
  Algorithm: RSA; Serial number: 0x3ab6508b
  Valid from Mon Mar 19 19:33:33 CET 2001 until Wed Mar 17 19:33:33 CET 2021

adding as trusted cert:
  Subject: CN=Class 3P Primary CA, O=Certplus, C=FR
  Issuer:  CN=Class 3P Primary CA, O=Certplus, C=FR
  Algorithm: RSA; Serial number: 0xbf5cdbb6f21c6ec04deb7a023b36e879
  Valid from Wed Jul 07 19:10:00 CEST 1999 until Sun Jul 07 01:59:59 CEST 2019

adding as trusted cert:
  Subject: CN=Buypass Class 3 Root CA, O=Buypass AS-983163327, C=NO
  Issuer:  CN=Buypass Class 3 Root CA, O=Buypass AS-983163327, C=NO
  Algorithm: RSA; Serial number: 0x2
  Valid from Tue Oct 26 10:28:58 CEST 2010 until Fri Oct 26 10:28:58 CEST 2040

adding as trusted cert:
  Subject: OU=Security Communication EV RootCA1, O="SECOM Trust Systems CO.,LTD.", C=JP
  Issuer:  OU=Security Communication EV RootCA1, O="SECOM Trust Systems CO.,LTD.", C=JP
  Algorithm: RSA; Serial number: 0x0
  Valid from Wed Jun 06 04:12:32 CEST 2007 until Sat Jun 06 04:12:32 CEST 2037

adding as trusted cert:
  Subject: CN=Equifax Secure eBusiness CA-1, O=Equifax Secure Inc., C=US
  Issuer:  CN=Equifax Secure eBusiness CA-1, O=Equifax Secure Inc., C=US
  Algorithm: RSA; Serial number: 0x59e3
  Valid from Mon Jun 21 06:00:00 CEST 1999 until Mon Jun 22 06:00:00 CEST 2020

adding as trusted cert:
  Subject: CN=thawte Primary Root CA - G2, OU="(c) 2007 thawte, Inc. - For authorized use only", O="thawte, Inc.", C=US
  Issuer:  CN=thawte Primary Root CA - G2, OU="(c) 2007 thawte, Inc. - For authorized use only", O="thawte, Inc.", C=US
  Algorithm: EC; Serial number: 0x35fc265cd9844fc93d263d579baed756
  Valid from Mon Nov 05 01:00:00 CET 2007 until Tue Jan 19 00:59:59 CET 2038

adding as trusted cert:
  Subject: CN=VeriSign Universal Root Certification Authority, OU="(c) 2008 VeriSign, Inc. - For authorized use only", OU=VeriSign Trust Network, O="VeriSign, Inc.", C=US
  Issuer:  CN=VeriSign Universal Root Certification Authority, OU="(c) 2008 VeriSign, Inc. - For authorized use only", OU=VeriSign Trust Network, O="VeriSign, Inc.", C=US
  Algorithm: RSA; Serial number: 0x401ac46421b31321030ebbe4121ac51d
  Valid from Wed Apr 02 02:00:00 CEST 2008 until Wed Dec 02 00:59:59 CET 2037

adding as trusted cert:
  Subject: CN=AddTrust Class 1 CA Root, OU=AddTrust TTP Network, O=AddTrust AB, C=SE
  Issuer:  CN=AddTrust Class 1 CA Root, OU=AddTrust TTP Network, O=AddTrust AB, C=SE
  Algorithm: RSA; Serial number: 0x1
  Valid from Tue May 30 12:38:31 CEST 2000 until Sat May 30 12:38:31 CEST 2020

adding as trusted cert:
  Subject: CN=GlobalSign, O=GlobalSign, OU=GlobalSign ECC Root CA - R4
  Issuer:  CN=GlobalSign, O=GlobalSign, OU=GlobalSign ECC Root CA - R4
  Algorithm: EC; Serial number: 0x2a38a41c960a04de42b228a50be8349802
  Valid from Tue Nov 13 01:00:00 CET 2012 until Tue Jan 19 04:14:07 CET 2038

adding as trusted cert:
  Subject: CN=Global Chambersign Root - 2008, O=AC Camerfirma S.A., SERIALNUMBER=A82743287, L=Madrid (see current address at www.camerfirma.com/address), C=EU
  Issuer:  CN=Global Chambersign Root - 2008, O=AC Camerfirma S.A., SERIALNUMBER=A82743287, L=Madrid (see current address at www.camerfirma.com/address), C=EU
  Algorithm: RSA; Serial number: 0xc9cdd3e9d57d23ce
  Valid from Fri Aug 01 14:31:40 CEST 2008 until Sat Jul 31 14:31:40 CEST 2038

adding as trusted cert:
  Subject: CN=thawte Primary Root CA - G3, OU="(c) 2008 thawte, Inc. - For authorized use only", OU=Certification Services Division, O="thawte, Inc.", C=US
  Issuer:  CN=thawte Primary Root CA - G3, OU="(c) 2008 thawte, Inc. - For authorized use only", OU=Certification Services Division, O="thawte, Inc.", C=US
  Algorithm: RSA; Serial number: 0x600197b746a7eab4b49ad64b2ff790fb
  Valid from Wed Apr 02 02:00:00 CEST 2008 until Wed Dec 02 00:59:59 CET 2037

adding as trusted cert:
  Subject: CN=COMODO RSA Certification Authority, O=COMODO CA Limited, L=Salford, ST=Greater Manchester, C=GB
  Issuer:  CN=COMODO RSA Certification Authority, O=COMODO CA Limited, L=Salford, ST=Greater Manchester, C=GB
  Algorithm: RSA; Serial number: 0x4caaf9cadb636fe01ff74ed85b03869d
  Valid from Tue Jan 19 01:00:00 CET 2010 until Tue Jan 19 00:59:59 CET 2038

adding as trusted cert:
  Subject: CN=GTE CyberTrust Global Root, OU="GTE CyberTrust Solutions, Inc.", O=GTE Corporation, C=US
  Issuer:  CN=GTE CyberTrust Global Root, OU="GTE CyberTrust Solutions, Inc.", O=GTE Corporation, C=US
  Algorithm: RSA; Serial number: 0x1a5
  Valid from Thu Aug 13 02:29:00 CEST 1998 until Tue Aug 14 01:59:00 CEST 2018

adding as trusted cert:
  Subject: EMAILADDRESS=premium-server@thawte.com, CN=Thawte Premium Server CA, OU=Certification Services Division, O=Thawte Consulting cc, L=Cape Town, ST=Western Cape, C=ZA
  Issuer:  EMAILADDRESS=premium-server@thawte.com, CN=Thawte Premium Server CA, OU=Certification Services Division, O=Thawte Consulting cc, L=Cape Town, ST=Western Cape, C=ZA
  Algorithm: RSA; Serial number: 0x36122296c5e338a520a1d25f4cd70954
  Valid from Thu Aug 01 02:00:00 CEST 1996 until Sat Jan 02 00:59:59 CET 2021

adding as trusted cert:
  Subject: CN=AffirmTrust Premium ECC, O=AffirmTrust, C=US
  Issuer:  CN=AffirmTrust Premium ECC, O=AffirmTrust, C=US
  Algorithm: EC; Serial number: 0x7497258ac73f7a54
  Valid from Fri Jan 29 15:20:24 CET 2010 until Mon Dec 31 15:20:24 CET 2040

adding as trusted cert:
  Subject: CN=T-TeleSec GlobalRoot Class 2, OU=T-Systems Trust Center, O=T-Systems Enterprise Services GmbH, C=DE
  Issuer:  CN=T-TeleSec GlobalRoot Class 2, OU=T-Systems Trust Center, O=T-Systems Enterprise Services GmbH, C=DE
  Algorithm: RSA; Serial number: 0x1
  Valid from Wed Oct 01 12:40:14 CEST 2008 until Sun Oct 02 01:59:59 CEST 2033

adding as trusted cert:
  Subject: OU=VeriSign Trust Network, OU="(c) 1998 VeriSign, Inc. - For authorized use only", OU=Class 1 Public Primary Certification Authority - G2, O="VeriSign, Inc.", C=US
  Issuer:  OU=VeriSign Trust Network, OU="(c) 1998 VeriSign, Inc. - For authorized use only", OU=Class 1 Public Primary Certification Authority - G2, O="VeriSign, Inc.", C=US
  Algorithm: RSA; Serial number: 0x4cc7eaaa983e71d39310f83d3a899192
  Valid from Mon May 18 02:00:00 CEST 1998 until Wed Aug 02 01:59:59 CEST 2028

adding as trusted cert:
  Subject: CN=KEYNECTIS ROOT CA, OU=ROOT, O=KEYNECTIS, C=FR
  Issuer:  CN=KEYNECTIS ROOT CA, OU=ROOT, O=KEYNECTIS, C=FR
  Algorithm: RSA; Serial number: 0x1121bc276c5547af584eefd4ced629b2a285
  Valid from Tue May 26 02:00:00 CEST 2009 until Tue May 26 02:00:00 CEST 2020

adding as trusted cert:
  Subject: CN=DigiCert Global Root G2, OU=www.digicert.com, O=DigiCert Inc, C=US
  Issuer:  CN=DigiCert Global Root G2, OU=www.digicert.com, O=DigiCert Inc, C=US
  Algorithm: RSA; Serial number: 0x33af1e6a711a9a0bb2864b11d09fae5
  Valid from Thu Aug 01 14:00:00 CEST 2013 until Fri Jan 15 13:00:00 CET 2038

Ignoring disabled cipher suite: SSL_DHE_DSS_EXPORT_WITH_DES40_CBC_SHA
Ignoring disabled cipher suite: SSL_DH_anon_EXPORT_WITH_RC4_40_MD5
Ignoring disabled cipher suite: TLS_KRB5_WITH_3DES_EDE_CBC_SHA
Ignoring disabled cipher suite: TLS_ECDHE_RSA_WITH_3DES_EDE_CBC_SHA
Ignoring disabled cipher suite: TLS_KRB5_EXPORT_WITH_DES_CBC_40_MD5
Ignoring disabled cipher suite: TLS_ECDHE_ECDSA_WITH_RC4_128_SHA
Ignoring disabled cipher suite: TLS_KRB5_WITH_3DES_EDE_CBC_MD5
Ignoring disabled cipher suite: SSL_DH_anon_WITH_RC4_128_MD5
Ignoring disabled cipher suite: SSL_DHE_DSS_WITH_3DES_EDE_CBC_SHA
Ignoring disabled cipher suite: TLS_ECDHE_ECDSA_WITH_3DES_EDE_CBC_SHA
Ignoring disabled cipher suite: SSL_DH_anon_WITH_3DES_EDE_CBC_SHA
Ignoring disabled cipher suite: SSL_RSA_WITH_3DES_EDE_CBC_SHA
Ignoring disabled cipher suite: SSL_DHE_RSA_EXPORT_WITH_DES40_CBC_SHA
Ignoring disabled cipher suite: TLS_ECDH_anon_WITH_RC4_128_SHA
Ignoring disabled cipher suite: TLS_KRB5_EXPORT_WITH_RC4_40_SHA
Ignoring disabled cipher suite: SSL_RSA_EXPORT_WITH_DES40_CBC_SHA
Ignoring disabled cipher suite: TLS_KRB5_WITH_RC4_128_SHA
Ignoring disabled cipher suite: SSL_RSA_EXPORT_WITH_RC4_40_MD5
Ignoring disabled cipher suite: TLS_KRB5_EXPORT_WITH_DES_CBC_40_SHA
Ignoring disabled cipher suite: TLS_KRB5_EXPORT_WITH_RC4_40_MD5
Ignoring disabled cipher suite: TLS_ECDH_ECDSA_WITH_RC4_128_SHA
Ignoring disabled cipher suite: TLS_KRB5_WITH_RC4_128_MD5
Ignoring disabled cipher suite: TLS_ECDH_RSA_WITH_3DES_EDE_CBC_SHA
Ignoring disabled cipher suite: TLS_ECDH_ECDSA_WITH_3DES_EDE_CBC_SHA
Ignoring disabled cipher suite: SSL_RSA_WITH_RC4_128_SHA
Ignoring disabled cipher suite: TLS_ECDH_anon_WITH_3DES_EDE_CBC_SHA
Ignoring disabled cipher suite: TLS_ECDH_RSA_WITH_RC4_128_SHA
Ignoring disabled cipher suite: SSL_DH_anon_EXPORT_WITH_DES40_CBC_SHA
Ignoring disabled cipher suite: SSL_DHE_RSA_WITH_3DES_EDE_CBC_SHA
Ignoring disabled cipher suite: TLS_ECDHE_RSA_WITH_RC4_128_SHA
Ignoring disabled cipher suite: SSL_RSA_WITH_RC4_128_MD5
Ignoring disabled cipher suite: TLS_ECDHE_RSA_WITH_3DES_EDE_CBC_SHA
Ignoring disabled cipher suite: SSL_DHE_DSS_WITH_3DES_EDE_CBC_SHA
Ignoring disabled cipher suite: TLS_ECDHE_ECDSA_WITH_3DES_EDE_CBC_SHA
Ignoring disabled cipher suite: SSL_RSA_WITH_3DES_EDE_CBC_SHA
Ignoring disabled cipher suite: TLS_ECDH_RSA_WITH_3DES_EDE_CBC_SHA
Ignoring disabled cipher suite: TLS_ECDH_ECDSA_WITH_3DES_EDE_CBC_SHA
Ignoring disabled cipher suite: SSL_DHE_RSA_WITH_3DES_EDE_CBC_SHA
Ignoring disabled cipher suite: TLS_ECDHE_RSA_WITH_3DES_EDE_CBC_SHA
Ignoring disabled cipher suite: SSL_DHE_DSS_WITH_3DES_EDE_CBC_SHA
Ignoring disabled cipher suite: TLS_ECDHE_ECDSA_WITH_3DES_EDE_CBC_SHA
Ignoring disabled cipher suite: SSL_RSA_WITH_3DES_EDE_CBC_SHA
Ignoring disabled cipher suite: TLS_ECDH_RSA_WITH_3DES_EDE_CBC_SHA
Ignoring disabled cipher suite: TLS_ECDH_ECDSA_WITH_3DES_EDE_CBC_SHA
Ignoring disabled cipher suite: SSL_DHE_RSA_WITH_3DES_EDE_CBC_SHA
trigger seeding of SecureRandom
done seeding SecureRandom
¨Desea terminar el trabajo por lotes (S/N)? ¨Desea terminar el trabajo por lotes (S/N)? 
